<?xml version="1.0" encoding="UTF-8"?>
<!-- Generated by org.testng.reporters.JUnitReportReporter -->
<testsuite hostname="DESKTOP-613KFGD" failures="0" tests="1" name="testCases.Checkout_Page_Test" time="5.117" errors="0" timestamp="2023-10-31T19:11:21 IST" skipped="0">
  <testcase classname="testCases.Checkout_Page_Test" name="verifyURLOfApplicationTest" time="5.117"/>
  <system-out>
    <![CDATA[URL= https://www.saucedemo.com/checkout-step-one.html]]>
  </system-out>
</testsuite> <!-- testCases.Checkout_Page_Test -->
