<?xml version="1.0" encoding="UTF-8"?>
<!-- Generated by org.testng.reporters.JUnitReportReporter -->
<testsuite hostname="DESKTOP-613KFGD" failures="0" tests="2" name="testCases.Checkout_Complete_Page_Test" time="11.002" errors="0" timestamp="2023-10-31T19:13:56 IST" skipped="0">
  <testcase classname="testCases.Checkout_Complete_Page_Test" name="verifycheckImgTest" time="5.758"/>
  <system-out/>
  <testcase classname="testCases.Checkout_Complete_Page_Test" name="verifythankUTxtTest" time="5.244"/>
  <system-out>
    <![CDATA[Thank U Text= Thank you for your order!]]>
  </system-out>
</testsuite> <!-- testCases.Checkout_Complete_Page_Test -->
