<?xml version="1.0" encoding="UTF-8"?>
<!-- Generated by org.testng.reporters.JUnitReportReporter -->
<testsuite hostname="DESKTOP-613KFGD" failures="0" tests="1" name="testCases.CartPage_Test" time="4.821" errors="0" timestamp="2023-10-31T19:13:56 IST" skipped="0">
  <testcase classname="testCases.CartPage_Test" name="verifyURLOfApplicationTest" time="4.821"/>
  <system-out>
    <![CDATA[URL= https://www.saucedemo.com/cart.html]]>
  </system-out>
</testsuite> <!-- testCases.CartPage_Test -->
