<?xml version="1.0" encoding="UTF-8"?>
<!-- Generated by org.testng.reporters.JUnitReportReporter -->
<testsuite hostname="DESKTOP-613KFGD" failures="0" tests="1" name="testCases.Checkout_Page_2_Test" time="4.914" errors="0" timestamp="2023-10-31T19:11:21 IST" skipped="0">
  <testcase classname="testCases.Checkout_Page_2_Test" name="verifyTotalTxtTest" time="4.914"/>
  <system-out/>
</testsuite> <!-- testCases.Checkout_Page_2_Test -->
