<?xml version="1.0" encoding="UTF-8"?>
<!-- Generated by org.testng.reporters.JUnitReportReporter -->
<testsuite hostname="DESKTOP-613KFGD" failures="0" tests="1" name="testCases.Login_Page_Test" time="7.446" errors="0" timestamp="2023-10-31T19:13:56 IST" skipped="0">
  <testcase classname="testCases.Login_Page_Test" name="loginToApplicationTest" time="7.446"/>
  <system-out>
    <![CDATA[URL after Login = https://www.saucedemo.com/inventory.html]]>
  </system-out>
</testsuite> <!-- testCases.Login_Page_Test -->
